[05-Nov-2017 10:59:15 UTC] PHP Fatal error:  Call to undefined method Users::view() in /home/ubuntu/workspace/shareposts/app/controllers/Users.php on line 27
[05-Nov-2017 10:59:15 UTC] PHP Stack trace:
[05-Nov-2017 10:59:15 UTC] PHP   1. {main}() /home/ubuntu/workspace/shareposts/public/index.php:0
[05-Nov-2017 10:59:15 UTC] PHP   2. Core->__construct() /home/ubuntu/workspace/shareposts/public/index.php:7
[05-Nov-2017 10:59:15 UTC] PHP   3. call_user_func_array:{/home/ubuntu/workspace/shareposts/app/libraries/Core.php:49}() /home/ubuntu/workspace/shareposts/app/libraries/Core.php:49
[05-Nov-2017 10:59:15 UTC] PHP   4. Users->register() /home/ubuntu/workspace/shareposts/app/libraries/Core.php:49
[05-Nov-2017 11:15:16 UTC] PHP Warning:  call_user_func_array() expects parameter 1 to be a valid callback, class 'Users' does not have a method 'index' in /home/ubuntu/workspace/shareposts/app/libraries/Core.php on line 49
[05-Nov-2017 11:15:16 UTC] PHP Stack trace:
[05-Nov-2017 11:15:16 UTC] PHP   1. {main}() /home/ubuntu/workspace/shareposts/public/index.php:0
[05-Nov-2017 11:15:16 UTC] PHP   2. Core->__construct() /home/ubuntu/workspace/shareposts/public/index.php:7
[05-Nov-2017 11:15:16 UTC] PHP   3. call_user_func_array:{/home/ubuntu/workspace/shareposts/app/libraries/Core.php:49}() /home/ubuntu/workspace/shareposts/app/libraries/Core.php:49
[05-Nov-2017 12:24:18 UTC] PHP Fatal error:  Call to a member function findUserByEmail() on a non-object in /home/ubuntu/workspace/shareposts/app/controllers/Users.php on line 36
[05-Nov-2017 12:24:18 UTC] PHP Stack trace:
[05-Nov-2017 12:24:18 UTC] PHP   1. {main}() /home/ubuntu/workspace/shareposts/public/index.php:0
[05-Nov-2017 12:24:18 UTC] PHP   2. Core->__construct() /home/ubuntu/workspace/shareposts/public/index.php:7
[05-Nov-2017 12:24:18 UTC] PHP   3. call_user_func_array:{/home/ubuntu/workspace/shareposts/app/libraries/Core.php:49}() /home/ubuntu/workspace/shareposts/app/libraries/Core.php:49
[05-Nov-2017 12:24:18 UTC] PHP   4. Users->register() /home/ubuntu/workspace/shareposts/app/libraries/Core.php:49
[05-Nov-2017 12:26:49 UTC] PHP Fatal error:  Call to a member function findUserByEmail() on a non-object in /home/ubuntu/workspace/shareposts/app/controllers/Users.php on line 36
[05-Nov-2017 12:26:49 UTC] PHP Stack trace:
[05-Nov-2017 12:26:49 UTC] PHP   1. {main}() /home/ubuntu/workspace/shareposts/public/index.php:0
[05-Nov-2017 12:26:49 UTC] PHP   2. Core->__construct() /home/ubuntu/workspace/shareposts/public/index.php:7
[05-Nov-2017 12:26:49 UTC] PHP   3. call_user_func_array:{/home/ubuntu/workspace/shareposts/app/libraries/Core.php:49}() /home/ubuntu/workspace/shareposts/app/libraries/Core.php:49
[05-Nov-2017 12:26:49 UTC] PHP   4. Users->register() /home/ubuntu/workspace/shareposts/app/libraries/Core.php:49
[05-Nov-2017 12:28:51 UTC] PHP Fatal error:  Call to a member function findUserByEmail() on a non-object in /home/ubuntu/workspace/shareposts/app/controllers/Users.php on line 36
[05-Nov-2017 12:28:51 UTC] PHP Stack trace:
[05-Nov-2017 12:28:51 UTC] PHP   1. {main}() /home/ubuntu/workspace/shareposts/public/index.php:0
[05-Nov-2017 12:28:51 UTC] PHP   2. Core->__construct() /home/ubuntu/workspace/shareposts/public/index.php:7
[05-Nov-2017 12:28:51 UTC] PHP   3. call_user_func_array:{/home/ubuntu/workspace/shareposts/app/libraries/Core.php:49}() /home/ubuntu/workspace/shareposts/app/libraries/Core.php:49
[05-Nov-2017 12:28:51 UTC] PHP   4. Users->register() /home/ubuntu/workspace/shareposts/app/libraries/Core.php:49
[05-Nov-2017 12:30:16 UTC] PHP Fatal error:  Call to a member function findUserByEmail() on a non-object in /home/ubuntu/workspace/shareposts/app/controllers/Users.php on line 36
[05-Nov-2017 12:30:16 UTC] PHP Stack trace:
[05-Nov-2017 12:30:16 UTC] PHP   1. {main}() /home/ubuntu/workspace/shareposts/public/index.php:0
[05-Nov-2017 12:30:16 UTC] PHP   2. Core->__construct() /home/ubuntu/workspace/shareposts/public/index.php:7
[05-Nov-2017 12:30:16 UTC] PHP   3. call_user_func_array:{/home/ubuntu/workspace/shareposts/app/libraries/Core.php:49}() /home/ubuntu/workspace/shareposts/app/libraries/Core.php:49
[05-Nov-2017 12:30:16 UTC] PHP   4. Users->register() /home/ubuntu/workspace/shareposts/app/libraries/Core.php:49
[05-Nov-2017 12:33:58 UTC] PHP Fatal error:  Call to a member function findUserByEmail() on a non-object in /home/ubuntu/workspace/shareposts/app/controllers/Users.php on line 36
[05-Nov-2017 12:33:58 UTC] PHP Stack trace:
[05-Nov-2017 12:33:58 UTC] PHP   1. {main}() /home/ubuntu/workspace/shareposts/public/index.php:0
[05-Nov-2017 12:33:58 UTC] PHP   2. Core->__construct() /home/ubuntu/workspace/shareposts/public/index.php:7
[05-Nov-2017 12:33:58 UTC] PHP   3. call_user_func_array:{/home/ubuntu/workspace/shareposts/app/libraries/Core.php:49}() /home/ubuntu/workspace/shareposts/app/libraries/Core.php:49
[05-Nov-2017 12:33:58 UTC] PHP   4. Users->register() /home/ubuntu/workspace/shareposts/app/libraries/Core.php:49
[05-Nov-2017 12:36:31 UTC] PHP Fatal error:  Call to a member function findUserByEmail() on a non-object in /home/ubuntu/workspace/shareposts/app/controllers/Users.php on line 36
[05-Nov-2017 12:36:31 UTC] PHP Stack trace:
[05-Nov-2017 12:36:31 UTC] PHP   1. {main}() /home/ubuntu/workspace/shareposts/public/index.php:0
[05-Nov-2017 12:36:31 UTC] PHP   2. Core->__construct() /home/ubuntu/workspace/shareposts/public/index.php:7
[05-Nov-2017 12:36:31 UTC] PHP   3. call_user_func_array:{/home/ubuntu/workspace/shareposts/app/libraries/Core.php:49}() /home/ubuntu/workspace/shareposts/app/libraries/Core.php:49
[05-Nov-2017 12:36:31 UTC] PHP   4. Users->register() /home/ubuntu/workspace/shareposts/app/libraries/Core.php:49
[05-Nov-2017 12:37:31 UTC] PHP Fatal error:  Call to a member function findUserByEmail() on a non-object in /home/ubuntu/workspace/shareposts/app/controllers/Users.php on line 36
[05-Nov-2017 12:37:31 UTC] PHP Stack trace:
[05-Nov-2017 12:37:31 UTC] PHP   1. {main}() /home/ubuntu/workspace/shareposts/public/index.php:0
[05-Nov-2017 12:37:31 UTC] PHP   2. Core->__construct() /home/ubuntu/workspace/shareposts/public/index.php:7
[05-Nov-2017 12:37:31 UTC] PHP   3. call_user_func_array:{/home/ubuntu/workspace/shareposts/app/libraries/Core.php:45}() /home/ubuntu/workspace/shareposts/app/libraries/Core.php:45
[05-Nov-2017 12:37:31 UTC] PHP   4. Users->register() /home/ubuntu/workspace/shareposts/app/libraries/Core.php:45
[05-Nov-2017 12:37:58 UTC] PHP Fatal error:  Call to a member function findUserByEmail() on a non-object in /home/ubuntu/workspace/shareposts/app/controllers/Users.php on line 36
[05-Nov-2017 12:37:58 UTC] PHP Stack trace:
[05-Nov-2017 12:37:58 UTC] PHP   1. {main}() /home/ubuntu/workspace/shareposts/public/index.php:0
[05-Nov-2017 12:37:58 UTC] PHP   2. Core->__construct() /home/ubuntu/workspace/shareposts/public/index.php:7
[05-Nov-2017 12:37:58 UTC] PHP   3. call_user_func_array:{/home/ubuntu/workspace/shareposts/app/libraries/Core.php:49}() /home/ubuntu/workspace/shareposts/app/libraries/Core.php:49
[05-Nov-2017 12:37:58 UTC] PHP   4. Users->register() /home/ubuntu/workspace/shareposts/app/libraries/Core.php:49
[09-Nov-2017 11:32:55 UTC] PHP Parse error:  syntax error, unexpected '[', expecting identifier (T_STRING) or variable (T_VARIABLE) or '{' or '$' in /home/ubuntu/workspace/shareposts/app/controllers/Users.php on line 130
[09-Nov-2017 11:32:55 UTC] PHP Stack trace:
[09-Nov-2017 11:32:55 UTC] PHP   1. {main}() /home/ubuntu/workspace/shareposts/public/index.php:0
[09-Nov-2017 11:32:55 UTC] PHP   2. Core->__construct() /home/ubuntu/workspace/shareposts/public/index.php:7
[09-Nov-2017 12:20:31 UTC] PHP Warning:  call_user_func_array() expects parameter 1 to be a valid callback, class 'Users' does not have a method 'index' in /home/ubuntu/workspace/shareposts/app/libraries/Core.php on line 49
[09-Nov-2017 12:20:31 UTC] PHP Stack trace:
[09-Nov-2017 12:20:31 UTC] PHP   1. {main}() /home/ubuntu/workspace/shareposts/public/index.php:0
[09-Nov-2017 12:20:31 UTC] PHP   2. Core->__construct() /home/ubuntu/workspace/shareposts/public/index.php:7
[09-Nov-2017 12:20:31 UTC] PHP   3. call_user_func_array:{/home/ubuntu/workspace/shareposts/app/libraries/Core.php:49}() /home/ubuntu/workspace/shareposts/app/libraries/Core.php:49
[09-Nov-2017 12:22:59 UTC] PHP Warning:  call_user_func_array() expects parameter 1 to be a valid callback, class 'Users' does not have a method 'index' in /home/ubuntu/workspace/shareposts/app/libraries/Core.php on line 49
[09-Nov-2017 12:22:59 UTC] PHP Stack trace:
[09-Nov-2017 12:22:59 UTC] PHP   1. {main}() /home/ubuntu/workspace/shareposts/public/index.php:0
[09-Nov-2017 12:22:59 UTC] PHP   2. Core->__construct() /home/ubuntu/workspace/shareposts/public/index.php:7
[09-Nov-2017 12:22:59 UTC] PHP   3. call_user_func_array:{/home/ubuntu/workspace/shareposts/app/libraries/Core.php:49}() /home/ubuntu/workspace/shareposts/app/libraries/Core.php:49
[09-Nov-2017 12:23:09 UTC] PHP Warning:  call_user_func_array() expects parameter 1 to be a valid callback, class 'Users' does not have a method 'index' in /home/ubuntu/workspace/shareposts/app/libraries/Core.php on line 49
[09-Nov-2017 12:23:09 UTC] PHP Stack trace:
[09-Nov-2017 12:23:09 UTC] PHP   1. {main}() /home/ubuntu/workspace/shareposts/public/index.php:0
[09-Nov-2017 12:23:09 UTC] PHP   2. Core->__construct() /home/ubuntu/workspace/shareposts/public/index.php:7
[09-Nov-2017 12:23:09 UTC] PHP   3. call_user_func_array:{/home/ubuntu/workspace/shareposts/app/libraries/Core.php:49}() /home/ubuntu/workspace/shareposts/app/libraries/Core.php:49
[09-Nov-2017 12:23:41 UTC] PHP Warning:  call_user_func_array() expects parameter 1 to be a valid callback, class 'Users' does not have a method 'index' in /home/ubuntu/workspace/shareposts/app/libraries/Core.php on line 49
[09-Nov-2017 12:23:41 UTC] PHP Stack trace:
[09-Nov-2017 12:23:41 UTC] PHP   1. {main}() /home/ubuntu/workspace/shareposts/public/index.php:0
[09-Nov-2017 12:23:41 UTC] PHP   2. Core->__construct() /home/ubuntu/workspace/shareposts/public/index.php:7
[09-Nov-2017 12:23:41 UTC] PHP   3. call_user_func_array:{/home/ubuntu/workspace/shareposts/app/libraries/Core.php:49}() /home/ubuntu/workspace/shareposts/app/libraries/Core.php:49
[09-Nov-2017 13:11:08 UTC] PHP Warning:  Invalid argument supplied for foreach() in /home/ubuntu/workspace/shareposts/app/views/posts/index.php on line 14
[09-Nov-2017 13:11:08 UTC] PHP Stack trace:
[09-Nov-2017 13:11:08 UTC] PHP   1. {main}() /home/ubuntu/workspace/shareposts/public/index.php:0
[09-Nov-2017 13:11:08 UTC] PHP   2. Core->__construct() /home/ubuntu/workspace/shareposts/public/index.php:7
[09-Nov-2017 13:11:08 UTC] PHP   3. call_user_func_array:{/home/ubuntu/workspace/shareposts/app/libraries/Core.php:49}() /home/ubuntu/workspace/shareposts/app/libraries/Core.php:49
[09-Nov-2017 13:11:08 UTC] PHP   4. Posts->index() /home/ubuntu/workspace/shareposts/app/libraries/Core.php:49
[09-Nov-2017 13:11:08 UTC] PHP   5. Controller->view() /home/ubuntu/workspace/shareposts/app/controllers/Posts.php:22
[09-Nov-2017 13:11:08 UTC] PHP   6. require_once() /home/ubuntu/workspace/shareposts/app/libraries/Controller.php:25
[09-Nov-2017 13:11:53 UTC] PHP Warning:  Invalid argument supplied for foreach() in /home/ubuntu/workspace/shareposts/app/views/posts/index.php on line 14
[09-Nov-2017 13:11:53 UTC] PHP Stack trace:
[09-Nov-2017 13:11:53 UTC] PHP   1. {main}() /home/ubuntu/workspace/shareposts/public/index.php:0
[09-Nov-2017 13:11:53 UTC] PHP   2. Core->__construct() /home/ubuntu/workspace/shareposts/public/index.php:7
[09-Nov-2017 13:11:53 UTC] PHP   3. call_user_func_array:{/home/ubuntu/workspace/shareposts/app/libraries/Core.php:49}() /home/ubuntu/workspace/shareposts/app/libraries/Core.php:49
[09-Nov-2017 13:11:53 UTC] PHP   4. Posts->index() /home/ubuntu/workspace/shareposts/app/libraries/Core.php:49
[09-Nov-2017 13:11:53 UTC] PHP   5. Controller->view() /home/ubuntu/workspace/shareposts/app/controllers/Posts.php:22
[09-Nov-2017 13:11:53 UTC] PHP   6. require_once() /home/ubuntu/workspace/shareposts/app/libraries/Controller.php:25
[09-Nov-2017 13:12:07 UTC] PHP Warning:  Invalid argument supplied for foreach() in /home/ubuntu/workspace/shareposts/app/views/posts/index.php on line 14
[09-Nov-2017 13:12:07 UTC] PHP Stack trace:
[09-Nov-2017 13:12:07 UTC] PHP   1. {main}() /home/ubuntu/workspace/shareposts/public/index.php:0
[09-Nov-2017 13:12:07 UTC] PHP   2. Core->__construct() /home/ubuntu/workspace/shareposts/public/index.php:7
[09-Nov-2017 13:12:07 UTC] PHP   3. call_user_func_array:{/home/ubuntu/workspace/shareposts/app/libraries/Core.php:49}() /home/ubuntu/workspace/shareposts/app/libraries/Core.php:49
[09-Nov-2017 13:12:07 UTC] PHP   4. Posts->index() /home/ubuntu/workspace/shareposts/app/libraries/Core.php:49
[09-Nov-2017 13:12:07 UTC] PHP   5. Controller->view() /home/ubuntu/workspace/shareposts/app/controllers/Posts.php:22
[09-Nov-2017 13:12:07 UTC] PHP   6. require_once() /home/ubuntu/workspace/shareposts/app/libraries/Controller.php:25
[09-Nov-2017 13:15:09 UTC] PHP Warning:  Invalid argument supplied for foreach() in /home/ubuntu/workspace/shareposts/app/views/posts/index.php on line 14
[09-Nov-2017 13:15:09 UTC] PHP Stack trace:
[09-Nov-2017 13:15:09 UTC] PHP   1. {main}() /home/ubuntu/workspace/shareposts/public/index.php:0
[09-Nov-2017 13:15:09 UTC] PHP   2. Core->__construct() /home/ubuntu/workspace/shareposts/public/index.php:7
[09-Nov-2017 13:15:09 UTC] PHP   3. call_user_func_array:{/home/ubuntu/workspace/shareposts/app/libraries/Core.php:49}() /home/ubuntu/workspace/shareposts/app/libraries/Core.php:49
[09-Nov-2017 13:15:09 UTC] PHP   4. Posts->index() /home/ubuntu/workspace/shareposts/app/libraries/Core.php:49
[09-Nov-2017 13:15:09 UTC] PHP   5. Controller->view() /home/ubuntu/workspace/shareposts/app/controllers/Posts.php:22
[09-Nov-2017 13:15:09 UTC] PHP   6. require_once() /home/ubuntu/workspace/shareposts/app/libraries/Controller.php:25
[09-Nov-2017 13:17:18 UTC] PHP Warning:  Invalid argument supplied for foreach() in /home/ubuntu/workspace/shareposts/app/views/posts/index.php on line 14
[09-Nov-2017 13:17:18 UTC] PHP Stack trace:
[09-Nov-2017 13:17:18 UTC] PHP   1. {main}() /home/ubuntu/workspace/shareposts/public/index.php:0
[09-Nov-2017 13:17:18 UTC] PHP   2. Core->__construct() /home/ubuntu/workspace/shareposts/public/index.php:7
[09-Nov-2017 13:17:18 UTC] PHP   3. call_user_func_array:{/home/ubuntu/workspace/shareposts/app/libraries/Core.php:49}() /home/ubuntu/workspace/shareposts/app/libraries/Core.php:49
[09-Nov-2017 13:17:18 UTC] PHP   4. Posts->index() /home/ubuntu/workspace/shareposts/app/libraries/Core.php:49
[09-Nov-2017 13:17:18 UTC] PHP   5. Controller->view() /home/ubuntu/workspace/shareposts/app/controllers/Posts.php:22
[09-Nov-2017 13:17:18 UTC] PHP   6. require_once() /home/ubuntu/workspace/shareposts/app/libraries/Controller.php:25
[09-Nov-2017 13:17:46 UTC] PHP Warning:  Invalid argument supplied for foreach() in /home/ubuntu/workspace/shareposts/app/views/posts/index.php on line 14
[09-Nov-2017 13:17:46 UTC] PHP Stack trace:
[09-Nov-2017 13:17:46 UTC] PHP   1. {main}() /home/ubuntu/workspace/shareposts/public/index.php:0
[09-Nov-2017 13:17:46 UTC] PHP   2. Core->__construct() /home/ubuntu/workspace/shareposts/public/index.php:7
[09-Nov-2017 13:17:46 UTC] PHP   3. call_user_func_array:{/home/ubuntu/workspace/shareposts/app/libraries/Core.php:49}() /home/ubuntu/workspace/shareposts/app/libraries/Core.php:49
[09-Nov-2017 13:17:46 UTC] PHP   4. Posts->index() /home/ubuntu/workspace/shareposts/app/libraries/Core.php:49
[09-Nov-2017 13:17:46 UTC] PHP   5. Controller->view() /home/ubuntu/workspace/shareposts/app/controllers/Posts.php:22
[09-Nov-2017 13:17:46 UTC] PHP   6. require_once() /home/ubuntu/workspace/shareposts/app/libraries/Controller.php:25
[09-Nov-2017 13:18:16 UTC] PHP Warning:  Invalid argument supplied for foreach() in /home/ubuntu/workspace/shareposts/app/views/posts/index.php on line 14
[09-Nov-2017 13:18:16 UTC] PHP Stack trace:
[09-Nov-2017 13:18:16 UTC] PHP   1. {main}() /home/ubuntu/workspace/shareposts/public/index.php:0
[09-Nov-2017 13:18:16 UTC] PHP   2. Core->__construct() /home/ubuntu/workspace/shareposts/public/index.php:7
[09-Nov-2017 13:18:16 UTC] PHP   3. call_user_func_array:{/home/ubuntu/workspace/shareposts/app/libraries/Core.php:49}() /home/ubuntu/workspace/shareposts/app/libraries/Core.php:49
[09-Nov-2017 13:18:16 UTC] PHP   4. Posts->index() /home/ubuntu/workspace/shareposts/app/libraries/Core.php:49
[09-Nov-2017 13:18:16 UTC] PHP   5. Controller->view() /home/ubuntu/workspace/shareposts/app/controllers/Posts.php:22
[09-Nov-2017 13:18:16 UTC] PHP   6. require_once() /home/ubuntu/workspace/shareposts/app/libraries/Controller.php:25
[09-Nov-2017 13:21:17 UTC] PHP Warning:  Invalid argument supplied for foreach() in /home/ubuntu/workspace/shareposts/app/views/posts/index.php on line 14
[09-Nov-2017 13:21:17 UTC] PHP Stack trace:
[09-Nov-2017 13:21:17 UTC] PHP   1. {main}() /home/ubuntu/workspace/shareposts/public/index.php:0
[09-Nov-2017 13:21:17 UTC] PHP   2. Core->__construct() /home/ubuntu/workspace/shareposts/public/index.php:7
[09-Nov-2017 13:21:17 UTC] PHP   3. call_user_func_array:{/home/ubuntu/workspace/shareposts/app/libraries/Core.php:49}() /home/ubuntu/workspace/shareposts/app/libraries/Core.php:49
[09-Nov-2017 13:21:17 UTC] PHP   4. Posts->index() /home/ubuntu/workspace/shareposts/app/libraries/Core.php:49
[09-Nov-2017 13:21:17 UTC] PHP   5. Controller->view() /home/ubuntu/workspace/shareposts/app/controllers/Posts.php:21
[09-Nov-2017 13:21:17 UTC] PHP   6. require_once() /home/ubuntu/workspace/shareposts/app/libraries/Controller.php:25
[09-Nov-2017 13:21:45 UTC] PHP Warning:  require_once(../app/models/post.php): failed to open stream: No such file or directory in /home/ubuntu/workspace/shareposts/app/libraries/Controller.php on line 13
[09-Nov-2017 13:21:45 UTC] PHP Stack trace:
[09-Nov-2017 13:21:45 UTC] PHP   1. {main}() /home/ubuntu/workspace/shareposts/public/index.php:0
[09-Nov-2017 13:21:45 UTC] PHP   2. Core->__construct() /home/ubuntu/workspace/shareposts/public/index.php:7
[09-Nov-2017 13:21:45 UTC] PHP   3. Posts->__construct() /home/ubuntu/workspace/shareposts/app/libraries/Core.php:32
[09-Nov-2017 13:21:45 UTC] PHP   4. Controller->model() /home/ubuntu/workspace/shareposts/app/controllers/Posts.php:10
[09-Nov-2017 13:21:45 UTC] PHP Fatal error:  require_once(): Failed opening required '../app/models/post.php' (include_path='.:/usr/share/php:/usr/share/pear') in /home/ubuntu/workspace/shareposts/app/libraries/Controller.php on line 13
[09-Nov-2017 13:21:45 UTC] PHP Stack trace:
[09-Nov-2017 13:21:45 UTC] PHP   1. {main}() /home/ubuntu/workspace/shareposts/public/index.php:0
[09-Nov-2017 13:21:45 UTC] PHP   2. Core->__construct() /home/ubuntu/workspace/shareposts/public/index.php:7
[09-Nov-2017 13:21:45 UTC] PHP   3. Posts->__construct() /home/ubuntu/workspace/shareposts/app/libraries/Core.php:32
[09-Nov-2017 13:21:45 UTC] PHP   4. Controller->model() /home/ubuntu/workspace/shareposts/app/controllers/Posts.php:10
[09-Nov-2017 13:32:25 UTC] PHP Fatal error:  Uncaught exception 'PDOException' with message 'SQLSTATE[42000]: Syntax error or access violation: 1064 You have an error in your SQL syntax; check the manual that corresponds to your MySQL server version for the right syntax to use near 'posts.created_at as postCreated,
                            users.created_at as' at line 4' in /home/ubuntu/workspace/shareposts/app/libraries/Database.php:65
Stack trace:
#0 /home/ubuntu/workspace/shareposts/app/libraries/Database.php(65): PDOStatement->execute()
#1 /home/ubuntu/workspace/shareposts/app/libraries/Database.php(70): Database->execute()
#2 /home/ubuntu/workspace/shareposts/app/models/Post.php(22): Database->resultSet()
#3 /home/ubuntu/workspace/shareposts/app/controllers/Posts.php(15): Post->getPosts()
#4 [internal function]: Posts->index()
#5 /home/ubuntu/workspace/shareposts/app/libraries/Core.php(49): call_user_func_array(Array, Array)
#6 /home/ubuntu/workspace/shareposts/public/index.php(7): Core->__construct()
#7 {main}
  thrown in /home/ubuntu/workspace/shareposts/app/libraries/Database.php on line 65
[10-Nov-2017 08:11:48 UTC] PHP Parse error:  syntax error, unexpected '}' in /home/ubuntu/workspace/shareposts/app/controllers/Posts.php on line 52
[10-Nov-2017 08:11:48 UTC] PHP Stack trace:
[10-Nov-2017 08:11:48 UTC] PHP   1. {main}() /home/ubuntu/workspace/shareposts/public/index.php:0
[10-Nov-2017 08:11:48 UTC] PHP   2. Core->__construct() /home/ubuntu/workspace/shareposts/public/index.php:7
[10-Nov-2017 08:39:25 UTC] PHP Fatal error:  Call to undefined method User::getUserById() in /home/ubuntu/workspace/shareposts/app/controllers/Posts.php on line 76
[10-Nov-2017 08:39:25 UTC] PHP Stack trace:
[10-Nov-2017 08:39:25 UTC] PHP   1. {main}() /home/ubuntu/workspace/shareposts/public/index.php:0
[10-Nov-2017 08:39:25 UTC] PHP   2. Core->__construct() /home/ubuntu/workspace/shareposts/public/index.php:7
[10-Nov-2017 08:39:25 UTC] PHP   3. call_user_func_array:{/home/ubuntu/workspace/shareposts/app/libraries/Core.php:49}() /home/ubuntu/workspace/shareposts/app/libraries/Core.php:49
[10-Nov-2017 08:39:25 UTC] PHP   4. Posts->show() /home/ubuntu/workspace/shareposts/app/libraries/Core.php:49
[10-Nov-2017 08:40:44 UTC] PHP Fatal error:  Call to undefined method User::getUserById() in /home/ubuntu/workspace/shareposts/app/controllers/Posts.php on line 76
[10-Nov-2017 08:40:44 UTC] PHP Stack trace:
[10-Nov-2017 08:40:44 UTC] PHP   1. {main}() /home/ubuntu/workspace/shareposts/public/index.php:0
[10-Nov-2017 08:40:44 UTC] PHP   2. Core->__construct() /home/ubuntu/workspace/shareposts/public/index.php:7
[10-Nov-2017 08:40:44 UTC] PHP   3. call_user_func_array:{/home/ubuntu/workspace/shareposts/app/libraries/Core.php:49}() /home/ubuntu/workspace/shareposts/app/libraries/Core.php:49
[10-Nov-2017 08:40:44 UTC] PHP   4. Posts->show() /home/ubuntu/workspace/shareposts/app/libraries/Core.php:49
[10-Nov-2017 08:41:01 UTC] PHP Parse error:  syntax error, unexpected 'By' (T_STRING) in /home/ubuntu/workspace/shareposts/app/views/posts/show.php on line 8
[10-Nov-2017 08:41:01 UTC] PHP Stack trace:
[10-Nov-2017 08:41:01 UTC] PHP   1. {main}() /home/ubuntu/workspace/shareposts/public/index.php:0
[10-Nov-2017 08:41:01 UTC] PHP   2. Core->__construct() /home/ubuntu/workspace/shareposts/public/index.php:7
[10-Nov-2017 08:41:01 UTC] PHP   3. call_user_func_array:{/home/ubuntu/workspace/shareposts/app/libraries/Core.php:49}() /home/ubuntu/workspace/shareposts/app/libraries/Core.php:49
[10-Nov-2017 08:41:01 UTC] PHP   4. Posts->show() /home/ubuntu/workspace/shareposts/app/libraries/Core.php:49
[10-Nov-2017 08:41:01 UTC] PHP   5. Controller->view() /home/ubuntu/workspace/shareposts/app/controllers/Posts.php:83
[10-Nov-2017 09:53:19 UTC] PHP Fatal error:  Uncaught exception 'PDOException' with message 'SQLSTATE[42000]: Syntax error or access violation: 1064 You have an error in your SQL syntax; check the manual that corresponds to your MySQL server version for the right syntax to use near 'WHERE id = NULL' at line 1' in /home/ubuntu/workspace/shareposts/app/libraries/Database.php:65
Stack trace:
#0 /home/ubuntu/workspace/shareposts/app/libraries/Database.php(65): PDOStatement->execute()
#1 /home/ubuntu/workspace/shareposts/app/models/Post.php(50): Database->execute()
#2 /home/ubuntu/workspace/shareposts/app/controllers/Posts.php(97): Post->updatePost(Array)
#3 [internal function]: Posts->edit('5')
#4 /home/ubuntu/workspace/shareposts/app/libraries/Core.php(49): call_user_func_array(Array, Array)
#5 /home/ubuntu/workspace/shareposts/public/index.php(7): Core->__construct()
#6 {main}
  thrown in /home/ubuntu/workspace/shareposts/app/libraries/Database.php on line 65
[10-Nov-2017 10:00:05 UTC] PHP Fatal error:  Function name must be a string in /home/ubuntu/workspace/shareposts/app/controllers/Posts.php on line 145
[10-Nov-2017 10:00:05 UTC] PHP Stack trace:
[10-Nov-2017 10:00:05 UTC] PHP   1. {main}() /home/ubuntu/workspace/shareposts/public/index.php:0
[10-Nov-2017 10:00:05 UTC] PHP   2. Core->__construct() /home/ubuntu/workspace/shareposts/public/index.php:7
[10-Nov-2017 10:00:05 UTC] PHP   3. call_user_func_array:{/home/ubuntu/workspace/shareposts/app/libraries/Core.php:49}() /home/ubuntu/workspace/shareposts/app/libraries/Core.php:49
[10-Nov-2017 10:00:05 UTC] PHP   4. Posts->delete() /home/ubuntu/workspace/shareposts/app/libraries/Core.php:49
